<?xml version="1.0" encoding="UTF-8"?>
<TestRun id="d4fbcd1c-0278-4b92-821d-32827477a0b6" name="henri@HENRI-PC 2011-12-03 19:04:59" runUser="henri-PC\henri" xmlns="http://microsoft.com/schemas/VisualStudio/TeamTest/2010">
  <TestSettings name="Local" id="1ef885aa-afdd-4cc4-b80a-eb99ff25c69f">
    <Description>These are default test settings for a local test run.</Description>
    <Deployment enabled="false" runDeploymentRoot="henri_HENRI-PC 2011-12-03 19_04_59">
      <DeploymentItem filename="C:\Users\henri\Desktop\Projetos SVN LOCAL\muambba\Util\bin\Debug\Util.dll" />
      <DeploymentItem filename="C:\Users\henri\Desktop\Projetos SVN LOCAL\muambba\BLL\bin\Debug\BLL.dll" />
      <DeploymentItem filename="C:\Users\henri\Desktop\Projetos SVN LOCAL\muambba\Modelo\bin\Debug\Modelo.dll" />
      <DeploymentItem filename="C:\Users\henri\Desktop\Projetos SVN LOCAL\muambba\Repositorio\bin\Debug\Repositorio.dll" />
      <DeploymentItem filename="C:\Users\henri\Desktop\Projetos SVN LOCAL\muambba\MVC\bin\MVC.dll" />
    </Deployment>
    <Execution>
      <TestTypeSpecific />
      <AgentRule name="Execution Agents">
      </AgentRule>
    </Execution>
  </TestSettings>
  <Times creation="2011-12-03T19:04:59.5363395-03:00" queuing="2011-12-03T19:05:02.5495119-03:00" start="2011-12-03T19:05:02.7445230-03:00" finish="2011-12-03T19:05:47.5600863-03:00" />
  <ResultSummary outcome="Failed">
    <Counters total="3" executed="2" error="0" failed="1" timeout="0" aborted="1" inconclusive="0" passedButRunAborted="0" notRunnable="0" notExecuted="1" disconnected="0" warning="0" passed="0" completed="0" inProgress="0" pending="0" />
  </ResultSummary>
  <TestDefinitions>
    <UnitTest name="TestarGeracaoDeListaDeCategoriasFilhas" storage="c:\users\henri\desktop\projetos svn local\muambba\mvc.tests\bin\debug\mvc.tests.dll" id="a5979a9a-6d21-c285-d635-9eb9396cc216">
      <Execution id="3bd9a03e-bc3f-4655-af9a-090f3cdae684" />
      <TestMethod codeBase="C:/Users/henri/Desktop/Projetos SVN LOCAL/muambba/MVC.Tests/bin/Debug/MVC.Tests.DLL" adapterTypeName="Microsoft.VisualStudio.TestTools.TestTypes.Unit.UnitTestAdapter, Microsoft.VisualStudio.QualityTools.Tips.UnitTest.Adapter, Version=10.0.0.0, Culture=neutral, PublicKeyToken=b03f5f7f11d50a3a" className="MVC.Tests.Controllers.HomeControllerTest, MVC.Tests, Version=1.0.0.0, Culture=neutral, PublicKeyToken=null" name="TestarGeracaoDeListaDeCategoriasFilhas" />
    </UnitTest>
    <UnitTest name="Validando_o_validador_de_CPF" storage="c:\users\henri\desktop\projetos svn local\muambba\util.tests\bin\debug\util.tests.dll" id="50f45cc2-0bf8-a008-9f07-dc33a36a59da">
      <Execution id="38a1a8a5-1e7f-4b7f-915f-a979797c7316" />
      <TestMethod codeBase="C:/Users/henri/Desktop/Projetos SVN LOCAL/muambba/Util.Tests/bin/Debug/Util.Tests.DLL" adapterTypeName="Microsoft.VisualStudio.TestTools.TestTypes.Unit.UnitTestAdapter, Microsoft.VisualStudio.QualityTools.Tips.UnitTest.Adapter, Version=10.0.0.0, Culture=neutral, PublicKeyToken=b03f5f7f11d50a3a" className="Util.Tests.UnitTest1, Util.Tests, Version=1.0.0.0, Culture=neutral, PublicKeyToken=null" name="Validando_o_validador_de_CPF" />
    </UnitTest>
    <UnitTest name="TestMethod1" storage="c:\users\henri\desktop\projetos svn local\muambba\mvc.tests\bin\debug\mvc.tests.dll" id="c889cd3c-8235-9074-b74b-f30d2c3a5a95">
      <Execution id="de023c84-99f4-4c44-b81b-a3772e92d1de" />
      <TestMethod codeBase="C:/Users/henri/Desktop/Projetos SVN LOCAL/muambba/MVC.Tests/bin/Debug/MVC.Tests.DLL" adapterTypeName="Microsoft.VisualStudio.TestTools.TestTypes.Unit.UnitTestAdapter, Microsoft.VisualStudio.QualityTools.Tips.UnitTest.Adapter, Version=10.0.0.0, Culture=neutral, PublicKeyToken=b03f5f7f11d50a3a" className="MVC.Tests.Util, MVC.Tests, Version=1.0.0.0, Culture=neutral, PublicKeyToken=null" name="TestMethod1" />
    </UnitTest>
  </TestDefinitions>
  <TestLists>
    <TestList name="Results Not in a List" id="8c84fa94-04c1-424b-9868-57a2d4851a1d" />
    <TestList name="All Loaded Results" id="19431567-8539-422a-85d7-44ee4e166bda" />
  </TestLists>
  <TestEntries>
    <TestEntry testId="50f45cc2-0bf8-a008-9f07-dc33a36a59da" executionId="38a1a8a5-1e7f-4b7f-915f-a979797c7316" testListId="8c84fa94-04c1-424b-9868-57a2d4851a1d" />
    <TestEntry testId="a5979a9a-6d21-c285-d635-9eb9396cc216" executionId="3bd9a03e-bc3f-4655-af9a-090f3cdae684" testListId="8c84fa94-04c1-424b-9868-57a2d4851a1d" />
    <TestEntry testId="c889cd3c-8235-9074-b74b-f30d2c3a5a95" executionId="de023c84-99f4-4c44-b81b-a3772e92d1de" testListId="8c84fa94-04c1-424b-9868-57a2d4851a1d" />
  </TestEntries>
  <Results>
    <UnitTestResult executionId="38a1a8a5-1e7f-4b7f-915f-a979797c7316" testId="50f45cc2-0bf8-a008-9f07-dc33a36a59da" testName="Validando_o_validador_de_CPF" computerName="HENRI-PC" duration="00:00:00.3939801" startTime="2011-12-03T19:05:02.8035264-03:00" endTime="2011-12-03T19:05:04.5616270-03:00" testType="13cdc9d9-ddb5-4fa4-a97d-d965ccfc6d4b" outcome="Failed" testListId="8c84fa94-04c1-424b-9868-57a2d4851a1d" relativeResultsDirectory="38a1a8a5-1e7f-4b7f-915f-a979797c7316">
      <Output>
        <ErrorInfo>
          <Message>Test method Util.Tests.UnitTest1.Validando_o_validador_de_CPF threw exception: 
System.IndexOutOfRangeException: Index was outside the bounds of the array.</Message>
          <StackTrace>    at Util.Validar.CPF(String _CPF) in C:\Users\henri\Desktop\Projetos SVN LOCAL\muambba\Util\Validar.cs:line 113
   at Util.Tests.UnitTest1.Validando_o_validador_de_CPF() in C:\Users\henri\Desktop\Projetos SVN LOCAL\muambba\Util.Tests\UnitTest1.cs:line 67
</StackTrace>
        </ErrorInfo>
      </Output>
    </UnitTestResult>
    <UnitTestResult executionId="3bd9a03e-bc3f-4655-af9a-090f3cdae684" testId="a5979a9a-6d21-c285-d635-9eb9396cc216" testName="TestarGeracaoDeListaDeCategoriasFilhas" computerName="HENRI-PC" duration="00:00:35.6180373" startTime="2011-12-03T19:05:04.5696274-03:00" endTime="2011-12-03T19:05:40.1876647-03:00" testType="13cdc9d9-ddb5-4fa4-a97d-d965ccfc6d4b" outcome="Aborted" testListId="8c84fa94-04c1-424b-9868-57a2d4851a1d" relativeResultsDirectory="3bd9a03e-bc3f-4655-af9a-090f3cdae684">
      <Output>
        <ErrorInfo>
          <Message>User aborted test run.</Message>
        </ErrorInfo>
      </Output>
    </UnitTestResult>
    <UnitTestResult executionId="de023c84-99f4-4c44-b81b-a3772e92d1de" testId="c889cd3c-8235-9074-b74b-f30d2c3a5a95" testName="TestMethod1" computerName="HENRI-PC" testType="13cdc9d9-ddb5-4fa4-a97d-d965ccfc6d4b" outcome="NotExecuted" testListId="8c84fa94-04c1-424b-9868-57a2d4851a1d" relativeResultsDirectory="de023c84-99f4-4c44-b81b-a3772e92d1de">
    </UnitTestResult>
  </Results>
</TestRun>