<?xml version="1.0" encoding="UTF-8"?>
<TestRun id="5d3b3e49-9e27-4860-b7df-f9d875deab9f" name="henri@HENRI-PC 2011-12-03 19:13:18" runUser="henri-PC\henri" xmlns="http://microsoft.com/schemas/VisualStudio/TeamTest/2010">
  <TestSettings name="Local" id="1ef885aa-afdd-4cc4-b80a-eb99ff25c69f">
    <Description>These are default test settings for a local test run.</Description>
    <Deployment enabled="false" runDeploymentRoot="henri_HENRI-PC 2011-12-03 19_13_18">
      <DeploymentItem filename="C:\Users\henri\Desktop\Projetos SVN LOCAL\muambba\Util\bin\Debug\Util.dll" />
    </Deployment>
    <Execution>
      <TestTypeSpecific />
      <AgentRule name="Execution Agents">
      </AgentRule>
    </Execution>
  </TestSettings>
  <Times creation="2011-12-03T19:13:18.2248629-03:00" queuing="2011-12-03T19:13:18.6728885-03:00" start="2011-12-03T19:13:18.6988900-03:00" finish="2011-12-03T19:13:19.3859293-03:00" />
  <ResultSummary outcome="Completed">
    <Counters total="1" executed="1" passed="1" error="0" failed="0" timeout="0" aborted="0" inconclusive="0" passedButRunAborted="0" notRunnable="0" notExecuted="0" disconnected="0" warning="0" completed="0" inProgress="0" pending="0" />
  </ResultSummary>
  <TestDefinitions>
    <UnitTest name="Validando_o_validador_de_CPF" storage="c:\users\henri\desktop\projetos svn local\muambba\util.tests\bin\debug\util.tests.dll" id="50f45cc2-0bf8-a008-9f07-dc33a36a59da">
      <Execution id="ebce053e-ff50-445e-9b19-e218833e410e" />
      <TestMethod codeBase="C:/Users/henri/Desktop/Projetos SVN LOCAL/muambba/Util.Tests/bin/Debug/Util.Tests.DLL" adapterTypeName="Microsoft.VisualStudio.TestTools.TestTypes.Unit.UnitTestAdapter, Microsoft.VisualStudio.QualityTools.Tips.UnitTest.Adapter, Version=10.0.0.0, Culture=neutral, PublicKeyToken=b03f5f7f11d50a3a" className="Util.Tests.UnitTest1, Util.Tests, Version=1.0.0.0, Culture=neutral, PublicKeyToken=null" name="Validando_o_validador_de_CPF" />
    </UnitTest>
  </TestDefinitions>
  <TestLists>
    <TestList name="Results Not in a List" id="8c84fa94-04c1-424b-9868-57a2d4851a1d" />
    <TestList name="All Loaded Results" id="19431567-8539-422a-85d7-44ee4e166bda" />
  </TestLists>
  <TestEntries>
    <TestEntry testId="50f45cc2-0bf8-a008-9f07-dc33a36a59da" executionId="ebce053e-ff50-445e-9b19-e218833e410e" testListId="8c84fa94-04c1-424b-9868-57a2d4851a1d" />
  </TestEntries>
  <Results>
    <UnitTestResult executionId="ebce053e-ff50-445e-9b19-e218833e410e" testId="50f45cc2-0bf8-a008-9f07-dc33a36a59da" testName="Validando_o_validador_de_CPF" computerName="HENRI-PC" duration="00:00:00.0356693" startTime="2011-12-03T19:13:18.7248915-03:00" endTime="2011-12-03T19:13:19.3449270-03:00" testType="13cdc9d9-ddb5-4fa4-a97d-d965ccfc6d4b" outcome="Passed" testListId="8c84fa94-04c1-424b-9868-57a2d4851a1d" relativeResultsDirectory="ebce053e-ff50-445e-9b19-e218833e410e">
    </UnitTestResult>
  </Results>
</TestRun>