<?xml version="1.0" encoding="UTF-8"?>
<TestRun id="b9dc39d4-a46a-4fc2-bbb5-7bf63d4a553f" name="henri@HENRI-PC 2011-12-03 19:16:15" runUser="henri-PC\henri" xmlns="http://microsoft.com/schemas/VisualStudio/TeamTest/2010">
  <TestSettings name="Local" id="1ef885aa-afdd-4cc4-b80a-eb99ff25c69f">
    <Description>These are default test settings for a local test run.</Description>
    <Deployment enabled="false" runDeploymentRoot="henri_HENRI-PC 2011-12-03 19_16_15">
      <DeploymentItem filename="C:\Users\henri\Desktop\Projetos SVN LOCAL\muambba\Util\bin\Debug\Util.dll" />
    </Deployment>
    <Execution>
      <TestTypeSpecific />
      <AgentRule name="Execution Agents">
      </AgentRule>
    </Execution>
  </TestSettings>
  <Times creation="2011-12-03T19:16:15.7840187-03:00" queuing="2011-12-03T19:16:16.2340444-03:00" start="2011-12-03T19:16:16.2800471-03:00" finish="2011-12-03T19:16:17.8921393-03:00" />
  <ResultSummary outcome="Failed">
    <Counters total="1" executed="1" error="0" failed="1" timeout="0" aborted="0" inconclusive="0" passedButRunAborted="0" notRunnable="0" notExecuted="0" disconnected="0" warning="0" passed="0" completed="0" inProgress="0" pending="0" />
  </ResultSummary>
  <TestDefinitions>
    <UnitTest name="Validando_o_validador_de_CNPJ" storage="c:\users\henri\desktop\projetos svn local\muambba\util.tests\bin\debug\util.tests.dll" id="1a35e5b0-1f21-4905-5928-d613df54de7b">
      <Execution id="6df59a46-57f0-4ccd-8816-122676458070" />
      <TestMethod codeBase="C:/Users/henri/Desktop/Projetos SVN LOCAL/muambba/Util.Tests/bin/Debug/Util.Tests.DLL" adapterTypeName="Microsoft.VisualStudio.TestTools.TestTypes.Unit.UnitTestAdapter, Microsoft.VisualStudio.QualityTools.Tips.UnitTest.Adapter, Version=10.0.0.0, Culture=neutral, PublicKeyToken=b03f5f7f11d50a3a" className="Util.Tests.UnitTest1, Util.Tests, Version=1.0.0.0, Culture=neutral, PublicKeyToken=null" name="Validando_o_validador_de_CNPJ" />
    </UnitTest>
  </TestDefinitions>
  <TestLists>
    <TestList name="Results Not in a List" id="8c84fa94-04c1-424b-9868-57a2d4851a1d" />
    <TestList name="All Loaded Results" id="19431567-8539-422a-85d7-44ee4e166bda" />
  </TestLists>
  <TestEntries>
    <TestEntry testId="1a35e5b0-1f21-4905-5928-d613df54de7b" executionId="6df59a46-57f0-4ccd-8816-122676458070" testListId="8c84fa94-04c1-424b-9868-57a2d4851a1d" />
  </TestEntries>
  <Results>
    <UnitTestResult executionId="6df59a46-57f0-4ccd-8816-122676458070" testId="1a35e5b0-1f21-4905-5928-d613df54de7b" testName="Validando_o_validador_de_CNPJ" computerName="HENRI-PC" duration="00:00:00.5610381" startTime="2011-12-03T19:16:16.3280498-03:00" endTime="2011-12-03T19:16:17.4571144-03:00" testType="13cdc9d9-ddb5-4fa4-a97d-d965ccfc6d4b" outcome="Failed" testListId="8c84fa94-04c1-424b-9868-57a2d4851a1d" relativeResultsDirectory="6df59a46-57f0-4ccd-8816-122676458070">
      <Output>
        <ErrorInfo>
          <Message>Test method Util.Tests.UnitTest1.Validando_o_validador_de_CNPJ threw exception: 
Microsoft.CSharp.RuntimeBinder.RuntimeBinderException: 'string' does not contain a definition for 'len'</Message>
          <StackTrace>    at CallSite.Target(Closure , CallSite , Object )
   at System.Dynamic.UpdateDelegates.UpdateAndExecute1[T0,TRet](CallSite site, T0 arg0)
   at Util.Validar.CNPJ(String CGC) in C:\Users\henri\Desktop\Projetos SVN LOCAL\muambba\Util\Validar.cs:line 188
   at Util.Tests.UnitTest1.Validando_o_validador_de_CNPJ() in C:\Users\henri\Desktop\Projetos SVN LOCAL\muambba\Util.Tests\UnitTest1.cs:line 79
</StackTrace>
        </ErrorInfo>
      </Output>
    </UnitTestResult>
  </Results>
</TestRun>